<?xml version="1.0" encoding="UTF-8"?>
<testng-results skipped="0" failed="0" total="1" passed="1">
  <reporter-output>
  </reporter-output>
  <suite name="Default suite" duration-ms="9136" started-at="2016-03-23T11:57:21Z" finished-at="2016-03-23T11:57:30Z">
    <groups>
    </groups>
    <test name="Default test" duration-ms="9136" started-at="2016-03-23T11:57:21Z" finished-at="2016-03-23T11:57:30Z">
      <class name="com.kishore.SeleniumMaven.VerifyTitle">
        <test-method status="PASS" signature="test123()[pri:0, instance:com.kishore.SeleniumMaven.VerifyTitle@789144]" name="test123" duration-ms="9127" started-at="2016-03-23T17:27:21Z" finished-at="2016-03-23T17:27:30Z">
          <reporter-output>
          </reporter-output>
        </test-method> <!-- test123 -->
      </class> <!-- com.kishore.SeleniumMaven.VerifyTitle -->
    </test> <!-- Default test -->
  </suite> <!-- Default suite -->
</testng-results>
